2022-08-15 22:38:18,959 - INFO - Loading Data...
2022-08-15 22:38:22,939 - INFO - Init nn...
2022-08-15 22:38:25,539 - INFO - Training...
2022-08-15 22:38:25,802 - INFO - [1,     5] loss: 1.282
2022-08-15 22:38:25,881 - INFO - [1,     9] loss: 1.186
2022-08-15 22:38:25,951 - INFO - [1,    13] loss: 1.122
2022-08-15 22:38:26,005 - INFO - [1,    17] loss: 1.070
2022-08-15 22:38:26,060 - INFO - [1,    21] loss: 1.012
2022-08-15 22:38:26,114 - INFO - [1,    25] loss: 0.978
2022-08-15 22:38:26,167 - INFO - [1,    29] loss: 0.940
2022-08-15 22:38:26,221 - INFO - [1,    33] loss: 0.910
2022-08-15 22:38:26,276 - INFO - [1,    37] loss: 0.876
2022-08-15 22:38:26,329 - INFO - [1,    41] loss: 0.842
2022-08-15 22:38:26,383 - INFO - [1,    45] loss: 0.812
2022-08-15 22:38:26,436 - INFO - [1,    49] loss: 0.783
2022-08-15 22:38:26,490 - INFO - [1,    53] loss: 0.753
2022-08-15 22:38:26,544 - INFO - [1,    57] loss: 0.724
2022-08-15 22:38:26,596 - INFO - [1,    61] loss: 0.695
2022-08-15 22:38:26,650 - INFO - [1,    65] loss: 0.668
2022-08-15 22:38:26,704 - INFO - [1,    69] loss: 0.646
2022-08-15 22:38:26,757 - INFO - [1,    73] loss: 0.625
2022-08-15 22:38:26,811 - INFO - [1,    77] loss: 0.602
2022-08-15 22:38:26,864 - INFO - [1,    81] loss: 0.582
2022-08-15 22:38:26,918 - INFO - [1,    85] loss: 0.562
2022-08-15 22:38:26,970 - INFO - [1,    89] loss: 0.547
2022-08-15 22:38:27,025 - INFO - [1,    93] loss: 0.537
2022-08-15 22:38:27,079 - INFO - [1,    97] loss: 0.522
2022-08-15 22:38:27,133 - INFO - [1,   101] loss: 0.507
2022-08-15 22:38:27,186 - INFO - [1,   105] loss: 0.494
2022-08-15 22:38:27,240 - INFO - [1,   109] loss: 0.481
2022-08-15 22:38:27,293 - INFO - [1,   113] loss: 0.469
2022-08-15 22:38:27,347 - INFO - [1,   117] loss: 0.457
2022-08-15 22:38:27,401 - INFO - [1,   121] loss: 0.447
2022-08-15 22:38:27,455 - INFO - [1,   125] loss: 0.438
2022-08-15 22:38:27,509 - INFO - [1,   129] loss: 0.429
2022-08-15 22:38:27,563 - INFO - [1,   133] loss: 0.422
2022-08-15 22:38:27,617 - INFO - [1,   137] loss: 0.413
2022-08-15 22:38:27,672 - INFO - [1,   141] loss: 0.406
2022-08-15 22:38:27,726 - INFO - [1,   145] loss: 0.399
2022-08-15 22:38:27,780 - INFO - [1,   149] loss: 0.391
2022-08-15 22:38:27,834 - INFO - [1,   153] loss: 0.384
2022-08-15 22:38:27,887 - INFO - [1,   157] loss: 0.378
2022-08-15 22:38:27,941 - INFO - [1,   161] loss: 0.371
2022-08-15 22:38:27,997 - INFO - [1,   165] loss: 0.366
2022-08-15 22:38:28,052 - INFO - [1,   169] loss: 0.360
2022-08-15 22:38:28,106 - INFO - [1,   173] loss: 0.357
2022-08-15 22:38:28,160 - INFO - [1,   177] loss: 0.351
2022-08-15 22:38:28,214 - INFO - [1,   181] loss: 0.346
2022-08-15 22:38:28,270 - INFO - [1,   185] loss: 0.341
2022-08-15 22:38:28,324 - INFO - [1,   189] loss: 0.337
2022-08-15 22:38:28,379 - INFO - [1,   193] loss: 0.333
2022-08-15 22:38:28,432 - INFO - [1,   197] loss: 0.328
2022-08-15 22:38:28,486 - INFO - [1,   201] loss: 0.325
2022-08-15 22:38:28,541 - INFO - [1,   205] loss: 0.321
2022-08-15 22:38:28,595 - INFO - [1,   209] loss: 0.317
2022-08-15 22:38:28,650 - INFO - [1,   213] loss: 0.313
2022-08-15 22:38:28,704 - INFO - [1,   217] loss: 0.310
2022-08-15 22:38:28,758 - INFO - [1,   221] loss: 0.308
2022-08-15 22:38:28,810 - INFO - [1,   225] loss: 0.304
2022-08-15 22:38:28,864 - INFO - [1,   229] loss: 0.301
2022-08-15 22:38:28,918 - INFO - [1,   233] loss: 0.298
2022-08-15 22:38:28,972 - INFO - [1,   237] loss: 0.296
2022-08-15 22:38:29,027 - INFO - [1,   241] loss: 0.292
2022-08-15 22:38:29,083 - INFO - [1,   245] loss: 0.290
2022-08-15 22:38:29,138 - INFO - [1,   249] loss: 0.287
2022-08-15 22:38:29,193 - INFO - [1,   253] loss: 0.285
2022-08-15 22:38:29,248 - INFO - [1,   257] loss: 0.282
2022-08-15 22:38:29,304 - INFO - [1,   261] loss: 0.279
2022-08-15 22:38:29,358 - INFO - [1,   265] loss: 0.277
2022-08-15 22:38:29,412 - INFO - [1,   269] loss: 0.275
2022-08-15 22:38:29,466 - INFO - [1,   273] loss: 0.272
2022-08-15 22:38:29,521 - INFO - [1,   277] loss: 0.270
2022-08-15 22:38:29,574 - INFO - [1,   281] loss: 0.267
2022-08-15 22:38:29,628 - INFO - [1,   285] loss: 0.265
2022-08-15 22:38:29,683 - INFO - [1,   289] loss: 0.264
2022-08-15 22:38:29,737 - INFO - [1,   293] loss: 0.262
2022-08-15 22:38:29,792 - INFO - [1,   297] loss: 0.260
2022-08-15 22:38:29,846 - INFO - [1,   301] loss: 0.259
2022-08-15 22:38:29,900 - INFO - [1,   305] loss: 0.258
2022-08-15 22:38:29,954 - INFO - [1,   309] loss: 0.257
2022-08-15 22:38:30,007 - INFO - [1,   313] loss: 0.256
2022-08-15 22:38:30,062 - INFO - [1,   317] loss: 0.254
2022-08-15 22:38:30,115 - INFO - [1,   321] loss: 0.252
2022-08-15 22:38:30,169 - INFO - [1,   325] loss: 0.251
2022-08-15 22:38:30,223 - INFO - [1,   329] loss: 0.250
2022-08-15 22:38:30,277 - INFO - [1,   333] loss: 0.249
2022-08-15 22:38:30,334 - INFO - [1,   337] loss: 0.248
2022-08-15 22:38:30,388 - INFO - [1,   341] loss: 0.247
2022-08-15 22:38:30,442 - INFO - [1,   345] loss: 0.245
2022-08-15 22:38:30,495 - INFO - [1,   349] loss: 0.244
2022-08-15 22:38:30,549 - INFO - [1,   353] loss: 0.243
2022-08-15 22:38:30,602 - INFO - [1,   357] loss: 0.241
2022-08-15 22:38:30,656 - INFO - [1,   361] loss: 0.240
2022-08-15 22:38:30,710 - INFO - [1,   365] loss: 0.238
2022-08-15 22:38:30,764 - INFO - [1,   369] loss: 0.237
2022-08-15 22:38:30,818 - INFO - [1,   373] loss: 0.236
2022-08-15 22:38:30,873 - INFO - [1,   377] loss: 0.235
2022-08-15 22:38:30,927 - INFO - [1,   381] loss: 0.234
2022-08-15 22:38:30,980 - INFO - [1,   385] loss: 0.233
2022-08-15 22:38:31,034 - INFO - [1,   389] loss: 0.232
2022-08-15 22:38:31,089 - INFO - [1,   393] loss: 0.231
2022-08-15 22:38:31,143 - INFO - [1,   397] loss: 0.230
2022-08-15 22:38:31,197 - INFO - [1,   401] loss: 0.229
2022-08-15 22:38:31,251 - INFO - [1,   405] loss: 0.228
2022-08-15 22:38:31,304 - INFO - [1,   409] loss: 0.227
2022-08-15 22:38:31,360 - INFO - [1,   413] loss: 0.226
2022-08-15 22:38:31,414 - INFO - [1,   417] loss: 0.225
2022-08-15 22:38:31,469 - INFO - [1,   421] loss: 0.224
2022-08-15 22:38:31,522 - INFO - [1,   425] loss: 0.223
2022-08-15 22:38:31,576 - INFO - [1,   429] loss: 0.222
2022-08-15 22:38:31,631 - INFO - [1,   433] loss: 0.221
2022-08-15 22:38:31,684 - INFO - [1,   437] loss: 0.220
2022-08-15 22:38:31,738 - INFO - [1,   441] loss: 0.220
2022-08-15 22:38:31,792 - INFO - [1,   445] loss: 0.219
2022-08-15 22:38:31,845 - INFO - [1,   449] loss: 0.218
2022-08-15 22:38:31,899 - INFO - [1,   453] loss: 0.217
2022-08-15 22:38:31,953 - INFO - [1,   457] loss: 0.216
2022-08-15 22:38:32,007 - INFO - [1,   461] loss: 0.216
2022-08-15 22:38:32,061 - INFO - [1,   465] loss: 0.215
2022-08-15 22:38:32,115 - INFO - [1,   469] loss: 0.215
2022-08-15 22:38:32,169 - INFO - [1,   473] loss: 0.214
2022-08-15 22:38:32,223 - INFO - [1,   477] loss: 0.213
2022-08-15 22:38:32,278 - INFO - [1,   481] loss: 0.213
2022-08-15 22:38:32,331 - INFO - [1,   485] loss: 0.212
2022-08-15 22:38:32,386 - INFO - [1,   489] loss: 0.211
2022-08-15 22:38:32,440 - INFO - [1,   493] loss: 0.211
2022-08-15 22:38:32,494 - INFO - [1,   497] loss: 0.210
2022-08-15 22:38:32,548 - INFO - [1,   501] loss: 0.210
2022-08-15 22:38:32,603 - INFO - [1,   505] loss: 0.209
2022-08-15 22:38:32,657 - INFO - [1,   509] loss: 0.208
2022-08-15 22:38:32,710 - INFO - [1,   513] loss: 0.208
2022-08-15 22:38:32,765 - INFO - [1,   517] loss: 0.207
2022-08-15 22:38:32,818 - INFO - [1,   521] loss: 0.207
2022-08-15 22:38:32,872 - INFO - [1,   525] loss: 0.206
2022-08-15 22:38:32,927 - INFO - [1,   529] loss: 0.206
2022-08-15 22:38:32,981 - INFO - [1,   533] loss: 0.206
2022-08-15 22:38:33,034 - INFO - [1,   537] loss: 0.205
2022-08-15 22:38:33,090 - INFO - [1,   541] loss: 0.205
2022-08-15 22:38:33,143 - INFO - [1,   545] loss: 0.204
2022-08-15 22:38:33,197 - INFO - [1,   549] loss: 0.203
2022-08-15 22:38:33,252 - INFO - [1,   553] loss: 0.203
2022-08-15 22:38:33,305 - INFO - [1,   557] loss: 0.203
2022-08-15 22:38:33,361 - INFO - [1,   561] loss: 0.202
2022-08-15 22:38:33,416 - INFO - [1,   565] loss: 0.201
2022-08-15 22:38:33,470 - INFO - [1,   569] loss: 0.201
2022-08-15 22:38:33,524 - INFO - [1,   573] loss: 0.201
2022-08-15 22:38:33,578 - INFO - [1,   577] loss: 0.200
2022-08-15 22:38:33,632 - INFO - [1,   581] loss: 0.200
2022-08-15 22:38:33,685 - INFO - [1,   585] loss: 0.199
2022-08-15 22:38:33,739 - INFO - [1,   589] loss: 0.199
2022-08-15 22:38:33,793 - INFO - [1,   593] loss: 0.199
2022-08-15 22:38:33,848 - INFO - [1,   597] loss: 0.198
2022-08-15 22:38:33,904 - INFO - [1,   601] loss: 0.198
2022-08-15 22:38:33,960 - INFO - [1,   605] loss: 0.197
2022-08-15 22:38:34,013 - INFO - [1,   609] loss: 0.197
2022-08-15 22:38:34,068 - INFO - [1,   613] loss: 0.197
2022-08-15 22:38:34,122 - INFO - [1,   617] loss: 0.197
2022-08-15 22:38:34,175 - INFO - [1,   621] loss: 0.196
2022-08-15 22:38:34,229 - INFO - [1,   625] loss: 0.196
2022-08-15 22:38:34,283 - INFO - [1,   629] loss: 0.195
2022-08-15 22:38:34,337 - INFO - [1,   633] loss: 0.195
2022-08-15 22:38:34,393 - INFO - [1,   637] loss: 0.195
2022-08-15 22:38:34,446 - INFO - [1,   641] loss: 0.194
2022-08-15 22:38:34,500 - INFO - [1,   645] loss: 0.194
2022-08-15 22:38:34,555 - INFO - [1,   649] loss: 0.194
2022-08-15 22:38:34,609 - INFO - [1,   653] loss: 0.193
2022-08-15 22:38:34,663 - INFO - [1,   657] loss: 0.193
2022-08-15 22:38:34,716 - INFO - [1,   661] loss: 0.193
2022-08-15 22:38:34,770 - INFO - [1,   665] loss: 0.192
2022-08-15 22:38:34,825 - INFO - [1,   669] loss: 0.192
2022-08-15 22:38:34,879 - INFO - [1,   673] loss: 0.192
2022-08-15 22:38:34,933 - INFO - [1,   677] loss: 0.191
2022-08-15 22:38:34,988 - INFO - [1,   681] loss: 0.191
2022-08-15 22:38:35,043 - INFO - [1,   685] loss: 0.191
2022-08-15 22:38:35,097 - INFO - [1,   689] loss: 0.190
2022-08-15 22:38:35,153 - INFO - [1,   693] loss: 0.190
2022-08-15 22:38:35,207 - INFO - [1,   697] loss: 0.189
2022-08-15 22:38:35,262 - INFO - [1,   701] loss: 0.189
2022-08-15 22:38:35,316 - INFO - [1,   705] loss: 0.189
2022-08-15 22:38:35,369 - INFO - [1,   709] loss: 0.188
2022-08-15 22:38:35,425 - INFO - [1,   713] loss: 0.188
2022-08-15 22:38:35,478 - INFO - [1,   717] loss: 0.188
2022-08-15 22:38:35,532 - INFO - [1,   721] loss: 0.188
2022-08-15 22:38:35,586 - INFO - [1,   725] loss: 0.188
2022-08-15 22:38:35,642 - INFO - [1,   729] loss: 0.188
2022-08-15 22:38:35,696 - INFO - [1,   733] loss: 0.187
2022-08-15 22:38:35,750 - INFO - [1,   737] loss: 0.187
2022-08-15 22:38:35,804 - INFO - [1,   741] loss: 0.187
2022-08-15 22:38:35,858 - INFO - [1,   745] loss: 0.186
2022-08-15 22:38:35,913 - INFO - [1,   749] loss: 0.186
2022-08-15 22:38:35,967 - INFO - [1,   753] loss: 0.186
2022-08-15 22:38:36,021 - INFO - [1,   757] loss: 0.186
2022-08-15 22:38:36,077 - INFO - [1,   761] loss: 0.185
2022-08-15 22:38:36,130 - INFO - [1,   765] loss: 0.185
2022-08-15 22:38:36,183 - INFO - [1,   769] loss: 0.185
2022-08-15 22:38:36,238 - INFO - [1,   773] loss: 0.185
2022-08-15 22:38:36,292 - INFO - [1,   777] loss: 0.185
2022-08-15 22:38:36,347 - INFO - [1,   781] loss: 0.184
2022-08-15 22:38:36,402 - INFO - [1,   785] loss: 0.184
2022-08-15 22:38:36,455 - INFO - [1,   789] loss: 0.183
2022-08-15 22:38:36,510 - INFO - [1,   793] loss: 0.183
2022-08-15 22:38:36,564 - INFO - [1,   797] loss: 0.183
2022-08-15 22:38:36,618 - INFO - [1,   801] loss: 0.182
2022-08-15 22:38:36,672 - INFO - [1,   805] loss: 0.182
2022-08-15 22:38:36,726 - INFO - [1,   809] loss: 0.182
2022-08-15 22:38:36,780 - INFO - [1,   813] loss: 0.182
2022-08-15 22:38:36,835 - INFO - [1,   817] loss: 0.182
2022-08-15 22:38:36,889 - INFO - [1,   821] loss: 0.181
2022-08-15 22:38:36,943 - INFO - [1,   825] loss: 0.181
2022-08-15 22:38:36,997 - INFO - [1,   829] loss: 0.181
2022-08-15 22:38:37,054 - INFO - [1,   833] loss: 0.181
2022-08-15 22:38:37,108 - INFO - [1,   837] loss: 0.181
2022-08-15 22:38:37,162 - INFO - [1,   841] loss: 0.180
2022-08-15 22:38:37,216 - INFO - [1,   845] loss: 0.180
2022-08-15 22:38:37,270 - INFO - [1,   849] loss: 0.180
2022-08-15 22:38:37,324 - INFO - [1,   853] loss: 0.180
2022-08-15 22:38:37,379 - INFO - [1,   857] loss: 0.179
2022-08-15 22:38:37,433 - INFO - [1,   861] loss: 0.179
2022-08-15 22:38:37,488 - INFO - [1,   865] loss: 0.179
2022-08-15 22:38:37,542 - INFO - [1,   869] loss: 0.179
2022-08-15 22:38:37,595 - INFO - [1,   873] loss: 0.179
2022-08-15 22:38:37,649 - INFO - [1,   877] loss: 0.179
2022-08-15 22:38:37,704 - INFO - [1,   881] loss: 0.179
2022-08-15 22:38:37,759 - INFO - [1,   885] loss: 0.178
2022-08-15 22:38:37,812 - INFO - [1,   889] loss: 0.178
2022-08-15 22:38:37,866 - INFO - [1,   893] loss: 0.178
2022-08-15 22:38:37,921 - INFO - [1,   897] loss: 0.178
2022-08-15 22:38:37,975 - INFO - [1,   901] loss: 0.178
2022-08-15 22:38:38,029 - INFO - [1,   905] loss: 0.177
2022-08-15 22:38:38,085 - INFO - [1,   909] loss: 0.177
2022-08-15 22:38:38,139 - INFO - [1,   913] loss: 0.177
2022-08-15 22:38:38,193 - INFO - [1,   917] loss: 0.177
2022-08-15 22:38:38,247 - INFO - [1,   921] loss: 0.177
2022-08-15 22:38:38,300 - INFO - [1,   925] loss: 0.176
2022-08-15 22:38:38,355 - INFO - [1,   929] loss: 0.176
2022-08-15 22:38:38,411 - INFO - [1,   933] loss: 0.176
2022-08-15 22:38:38,464 - INFO - [1,   937] loss: 0.175
2022-08-15 22:38:38,519 - INFO - [1,   941] loss: 0.175
2022-08-15 22:38:38,573 - INFO - [1,   945] loss: 0.175
2022-08-15 22:38:38,627 - INFO - [1,   949] loss: 0.175
2022-08-15 22:38:38,681 - INFO - [1,   953] loss: 0.175
2022-08-15 22:38:38,735 - INFO - [1,   957] loss: 0.175
2022-08-15 22:38:38,790 - INFO - [1,   961] loss: 0.175
2022-08-15 22:38:38,844 - INFO - [1,   965] loss: 0.174
2022-08-15 22:38:38,899 - INFO - [1,   969] loss: 0.174
2022-08-15 22:38:38,953 - INFO - [1,   973] loss: 0.174
2022-08-15 22:38:39,008 - INFO - [1,   977] loss: 0.174
2022-08-15 22:38:39,063 - INFO - [1,   981] loss: 0.173
2022-08-15 22:38:39,116 - INFO - [1,   985] loss: 0.173
2022-08-15 22:38:39,171 - INFO - [1,   989] loss: 0.173
2022-08-15 22:38:39,225 - INFO - [1,   993] loss: 0.173
2022-08-15 22:38:39,280 - INFO - [1,   997] loss: 0.173
2022-08-15 22:38:39,336 - INFO - [1,  1001] loss: 0.173
2022-08-15 22:38:39,391 - INFO - [1,  1005] loss: 0.173
2022-08-15 22:38:39,445 - INFO - [1,  1009] loss: 0.173
2022-08-15 22:38:39,499 - INFO - [1,  1013] loss: 0.172
2022-08-15 22:38:39,552 - INFO - [1,  1017] loss: 0.172
2022-08-15 22:38:39,607 - INFO - [1,  1021] loss: 0.172
2022-08-15 22:38:39,661 - INFO - [1,  1025] loss: 0.172
2022-08-15 22:38:39,715 - INFO - [1,  1029] loss: 0.171
2022-08-15 22:38:39,769 - INFO - [1,  1033] loss: 0.171
2022-08-15 22:38:39,823 - INFO - [1,  1037] loss: 0.171
2022-08-15 22:38:39,878 - INFO - [1,  1041] loss: 0.171
2022-08-15 22:38:39,932 - INFO - [1,  1045] loss: 0.171
2022-08-15 22:38:39,986 - INFO - [1,  1049] loss: 0.171
2022-08-15 22:38:40,040 - INFO - [1,  1053] loss: 0.170
2022-08-15 22:38:40,095 - INFO - [1,  1057] loss: 0.170
2022-08-15 22:38:40,149 - INFO - [1,  1061] loss: 0.170
2022-08-15 22:38:40,203 - INFO - [1,  1065] loss: 0.170
2022-08-15 22:38:40,257 - INFO - [1,  1069] loss: 0.170
2022-08-15 22:38:40,312 - INFO - [1,  1073] loss: 0.170
2022-08-15 22:38:40,366 - INFO - [1,  1077] loss: 0.170
2022-08-15 22:38:40,420 - INFO - [1,  1081] loss: 0.170
2022-08-15 22:38:40,475 - INFO - [1,  1085] loss: 0.169
2022-08-15 22:38:40,530 - INFO - [1,  1089] loss: 0.169
2022-08-15 22:38:40,583 - INFO - [1,  1093] loss: 0.169
2022-08-15 22:38:40,638 - INFO - [1,  1097] loss: 0.169
2022-08-15 22:38:40,692 - INFO - [1,  1101] loss: 0.169
2022-08-15 22:38:40,747 - INFO - [1,  1105] loss: 0.169
2022-08-15 22:38:40,801 - INFO - [1,  1109] loss: 0.168
2022-08-15 22:38:40,855 - INFO - [1,  1113] loss: 0.168
2022-08-15 22:38:40,909 - INFO - [1,  1117] loss: 0.168
2022-08-15 22:38:40,963 - INFO - [1,  1121] loss: 0.168
2022-08-15 22:38:41,018 - INFO - [1,  1125] loss: 0.168
2022-08-15 22:38:41,074 - INFO - [1,  1129] loss: 0.168
2022-08-15 22:38:41,129 - INFO - [1,  1133] loss: 0.168
2022-08-15 22:38:41,183 - INFO - [1,  1137] loss: 0.168
2022-08-15 22:38:41,237 - INFO - [1,  1141] loss: 0.167
2022-08-15 22:38:41,292 - INFO - [1,  1145] loss: 0.167
2022-08-15 22:38:41,345 - INFO - [1,  1149] loss: 0.167
2022-08-15 22:38:41,399 - INFO - [1,  1153] loss: 0.167
2022-08-15 22:38:41,454 - INFO - [1,  1157] loss: 0.167
2022-08-15 22:38:41,508 - INFO - [1,  1161] loss: 0.167
2022-08-15 22:38:41,563 - INFO - [1,  1165] loss: 0.166
2022-08-15 22:38:41,617 - INFO - [1,  1169] loss: 0.166
2022-08-15 22:38:41,673 - INFO - [1,  1173] loss: 0.166
2022-08-15 22:38:41,727 - INFO - [1,  1177] loss: 0.166
2022-08-15 22:38:41,781 - INFO - [1,  1181] loss: 0.166
2022-08-15 22:38:41,835 - INFO - [1,  1185] loss: 0.166
2022-08-15 22:38:41,889 - INFO - [1,  1189] loss: 0.166
2022-08-15 22:38:41,944 - INFO - [1,  1193] loss: 0.166
2022-08-15 22:38:41,999 - INFO - [1,  1197] loss: 0.166
2022-08-15 22:38:42,055 - INFO - [1,  1201] loss: 0.166
2022-08-15 22:38:42,108 - INFO - [1,  1205] loss: 0.165
2022-08-15 22:38:42,163 - INFO - [1,  1209] loss: 0.165
2022-08-15 22:38:42,217 - INFO - [1,  1213] loss: 0.165
2022-08-15 22:38:42,271 - INFO - [1,  1217] loss: 0.165
2022-08-15 22:38:42,325 - INFO - [1,  1221] loss: 0.165
2022-08-15 22:38:42,379 - INFO - [1,  1225] loss: 0.165
2022-08-15 22:38:42,433 - INFO - [1,  1229] loss: 0.165
2022-08-15 22:38:42,487 - INFO - [1,  1233] loss: 0.165
2022-08-15 22:38:42,541 - INFO - [1,  1237] loss: 0.164
2022-08-15 22:38:42,595 - INFO - [1,  1241] loss: 0.164
2022-08-15 22:38:42,650 - INFO - [1,  1245] loss: 0.164
2022-08-15 22:38:42,704 - INFO - [1,  1249] loss: 0.164
2022-08-15 22:38:42,759 - INFO - [1,  1253] loss: 0.164
2022-08-15 22:38:42,813 - INFO - [1,  1257] loss: 0.164
2022-08-15 22:38:42,867 - INFO - [1,  1261] loss: 0.164
2022-08-15 22:38:42,922 - INFO - [1,  1265] loss: 0.163
2022-08-15 22:38:42,976 - INFO - [1,  1269] loss: 0.163
2022-08-15 22:38:43,030 - INFO - [1,  1273] loss: 0.163
2022-08-15 22:38:43,086 - INFO - [1,  1277] loss: 0.163
2022-08-15 22:38:43,141 - INFO - [1,  1281] loss: 0.163
2022-08-15 22:38:43,195 - INFO - [1,  1285] loss: 0.163
2022-08-15 22:38:43,249 - INFO - [1,  1289] loss: 0.163
2022-08-15 22:38:43,303 - INFO - [1,  1293] loss: 0.163
2022-08-15 22:38:43,358 - INFO - [1,  1297] loss: 0.163
2022-08-15 22:38:43,412 - INFO - [1,  1301] loss: 0.163
2022-08-15 22:38:43,466 - INFO - [1,  1305] loss: 0.162
2022-08-15 22:38:43,521 - INFO - [1,  1309] loss: 0.162
2022-08-15 22:38:43,576 - INFO - [1,  1313] loss: 0.162
2022-08-15 22:38:43,629 - INFO - [1,  1317] loss: 0.162
2022-08-15 22:38:43,684 - INFO - [1,  1321] loss: 0.162
2022-08-15 22:38:43,738 - INFO - [1,  1325] loss: 0.162
2022-08-15 22:38:43,791 - INFO - [1,  1329] loss: 0.162
2022-08-15 22:38:43,846 - INFO - [1,  1333] loss: 0.162
2022-08-15 22:38:43,901 - INFO - [1,  1337] loss: 0.162
2022-08-15 22:38:43,954 - INFO - [1,  1341] loss: 0.161
2022-08-15 22:38:44,009 - INFO - [1,  1345] loss: 0.161
2022-08-15 22:38:44,064 - INFO - [1,  1349] loss: 0.161
2022-08-15 22:38:44,119 - INFO - [1,  1353] loss: 0.161
2022-08-15 22:38:44,174 - INFO - [1,  1357] loss: 0.161
2022-08-15 22:38:44,227 - INFO - [1,  1361] loss: 0.161
2022-08-15 22:38:44,281 - INFO - [1,  1365] loss: 0.161
2022-08-15 22:38:44,336 - INFO - [1,  1369] loss: 0.161
2022-08-15 22:38:44,390 - INFO - [1,  1373] loss: 0.161
2022-08-15 22:38:44,444 - INFO - [1,  1377] loss: 0.161
2022-08-15 22:38:44,499 - INFO - [1,  1381] loss: 0.160
2022-08-15 22:38:44,553 - INFO - [1,  1385] loss: 0.160
2022-08-15 22:38:44,606 - INFO - [1,  1389] loss: 0.160
2022-08-15 22:38:44,661 - INFO - [1,  1393] loss: 0.160
2022-08-15 22:38:44,716 - INFO - [1,  1397] loss: 0.160
2022-08-15 22:38:44,770 - INFO - [1,  1401] loss: 0.160
2022-08-15 22:38:44,825 - INFO - [1,  1405] loss: 0.160
2022-08-15 22:38:44,880 - INFO - [1,  1409] loss: 0.160
2022-08-15 22:38:44,934 - INFO - [1,  1413] loss: 0.160
2022-08-15 22:38:44,988 - INFO - [1,  1417] loss: 0.160
2022-08-15 22:38:45,043 - INFO - [1,  1421] loss: 0.160
2022-08-15 22:38:45,097 - INFO - [1,  1425] loss: 0.159
2022-08-15 22:38:45,152 - INFO - [1,  1429] loss: 0.159
2022-08-15 22:38:45,206 - INFO - [1,  1433] loss: 0.159
2022-08-15 22:38:45,260 - INFO - [1,  1437] loss: 0.159
2022-08-15 22:38:45,315 - INFO - [1,  1441] loss: 0.159
2022-08-15 22:38:45,373 - INFO - [1,  1445] loss: 0.159
2022-08-15 22:38:45,427 - INFO - [1,  1449] loss: 0.159
2022-08-15 22:38:45,481 - INFO - [1,  1453] loss: 0.159
2022-08-15 22:38:45,536 - INFO - [1,  1457] loss: 0.159
2022-08-15 22:38:45,591 - INFO - [1,  1461] loss: 0.159
2022-08-15 22:38:45,645 - INFO - [1,  1465] loss: 0.159
2022-08-15 22:38:45,700 - INFO - [1,  1469] loss: 0.159
2022-08-15 22:38:45,755 - INFO - [1,  1473] loss: 0.159
2022-08-15 22:38:45,809 - INFO - [1,  1477] loss: 0.159
2022-08-15 22:38:45,863 - INFO - [1,  1481] loss: 0.159
2022-08-15 22:38:45,918 - INFO - [1,  1485] loss: 0.158
2022-08-15 22:38:45,972 - INFO - [1,  1489] loss: 0.158
2022-08-15 22:38:46,026 - INFO - [1,  1493] loss: 0.158
2022-08-15 22:38:46,081 - INFO - [1,  1497] loss: 0.158
2022-08-15 22:38:46,135 - INFO - [1,  1501] loss: 0.158
2022-08-15 22:38:46,189 - INFO - [1,  1505] loss: 0.158
2022-08-15 22:38:46,244 - INFO - [1,  1509] loss: 0.158
2022-08-15 22:38:46,298 - INFO - [1,  1513] loss: 0.158
2022-08-15 22:38:46,352 - INFO - [1,  1517] loss: 0.158
2022-08-15 22:38:46,407 - INFO - [1,  1521] loss: 0.158
2022-08-15 22:38:46,461 - INFO - [1,  1525] loss: 0.157
2022-08-15 22:38:46,518 - INFO - [1,  1529] loss: 0.157
2022-08-15 22:38:46,573 - INFO - [1,  1533] loss: 0.157
2022-08-15 22:38:46,627 - INFO - [1,  1537] loss: 0.157
2022-08-15 22:38:46,680 - INFO - [1,  1541] loss: 0.157
2022-08-15 22:38:46,734 - INFO - [1,  1545] loss: 0.157
2022-08-15 22:38:46,790 - INFO - [1,  1549] loss: 0.157
2022-08-15 22:38:46,843 - INFO - [1,  1553] loss: 0.157
2022-08-15 22:38:46,898 - INFO - [1,  1557] loss: 0.157
2022-08-15 22:38:46,953 - INFO - [1,  1561] loss: 0.157
2022-08-15 22:38:47,009 - INFO - [1,  1565] loss: 0.157
2022-08-15 22:38:47,063 - INFO - [1,  1569] loss: 0.157
2022-08-15 22:38:47,117 - INFO - [1,  1573] loss: 0.157
2022-08-15 22:38:47,172 - INFO - [1,  1577] loss: 0.157
2022-08-15 22:38:47,226 - INFO - [1,  1581] loss: 0.156
2022-08-15 22:38:47,281 - INFO - [1,  1585] loss: 0.156
2022-08-15 22:38:47,335 - INFO - [1,  1589] loss: 0.156
2022-08-15 22:38:47,389 - INFO - [1,  1593] loss: 0.156
2022-08-15 22:38:47,443 - INFO - [1,  1597] loss: 0.156
2022-08-15 22:38:47,497 - INFO - [1,  1601] loss: 0.156
2022-08-15 22:38:47,552 - INFO - [1,  1605] loss: 0.156
2022-08-15 22:38:47,606 - INFO - [1,  1609] loss: 0.156
2022-08-15 22:38:47,660 - INFO - [1,  1613] loss: 0.156
2022-08-15 22:38:47,715 - INFO - [1,  1617] loss: 0.156
2022-08-15 22:38:47,768 - INFO - [1,  1621] loss: 0.156
2022-08-15 22:38:47,823 - INFO - [1,  1625] loss: 0.156
2022-08-15 22:38:47,877 - INFO - [1,  1629] loss: 0.156
2022-08-15 22:38:47,931 - INFO - [1,  1633] loss: 0.156
2022-08-15 22:38:47,986 - INFO - [1,  1637] loss: 0.155
2022-08-15 22:38:48,041 - INFO - [1,  1641] loss: 0.155
2022-08-15 22:38:48,095 - INFO - [1,  1645] loss: 0.155
2022-08-15 22:38:48,150 - INFO - [1,  1649] loss: 0.155
2022-08-15 22:38:48,204 - INFO - [1,  1653] loss: 0.155
2022-08-15 22:38:48,259 - INFO - [1,  1657] loss: 0.155
2022-08-15 22:38:48,314 - INFO - [1,  1661] loss: 0.155
2022-08-15 22:38:48,369 - INFO - [1,  1665] loss: 0.155
2022-08-15 22:38:48,423 - INFO - [1,  1669] loss: 0.155
2022-08-15 22:38:48,477 - INFO - [1,  1673] loss: 0.155
2022-08-15 22:38:48,531 - INFO - [1,  1677] loss: 0.155
2022-08-15 22:38:48,587 - INFO - [1,  1681] loss: 0.155
2022-08-15 22:38:48,641 - INFO - [1,  1685] loss: 0.155
2022-08-15 22:38:48,696 - INFO - [1,  1689] loss: 0.155
2022-08-15 22:38:48,750 - INFO - [1,  1693] loss: 0.154
2022-08-15 22:38:48,805 - INFO - [1,  1697] loss: 0.154
2022-08-15 22:38:48,858 - INFO - [1,  1701] loss: 0.154
2022-08-15 22:38:48,914 - INFO - [1,  1705] loss: 0.154
2022-08-15 22:38:48,968 - INFO - [1,  1709] loss: 0.154
2022-08-15 22:38:49,023 - INFO - [1,  1713] loss: 0.154
2022-08-15 22:38:49,078 - INFO - [1,  1717] loss: 0.154
2022-08-15 22:38:49,133 - INFO - [1,  1721] loss: 0.154
2022-08-15 22:38:49,187 - INFO - [1,  1725] loss: 0.154
2022-08-15 22:38:49,241 - INFO - [1,  1729] loss: 0.154
2022-08-15 22:38:49,295 - INFO - [1,  1733] loss: 0.154
2022-08-15 22:38:49,350 - INFO - [1,  1737] loss: 0.154
2022-08-15 22:38:49,404 - INFO - [1,  1741] loss: 0.154
2022-08-15 22:38:49,463 - INFO - [1,  1745] loss: 0.154
2022-08-15 22:38:49,516 - INFO - [1,  1749] loss: 0.154
2022-08-15 22:38:49,573 - INFO - [1,  1753] loss: 0.153
2022-08-15 22:38:49,627 - INFO - [1,  1757] loss: 0.153
2022-08-15 22:38:49,681 - INFO - [1,  1761] loss: 0.153
2022-08-15 22:38:49,734 - INFO - [1,  1765] loss: 0.153
2022-08-15 22:38:49,788 - INFO - [1,  1769] loss: 0.153
2022-08-15 22:38:49,842 - INFO - [1,  1773] loss: 0.153
2022-08-15 22:38:49,896 - INFO - [1,  1777] loss: 0.153
2022-08-15 22:38:49,951 - INFO - [1,  1781] loss: 0.153
2022-08-15 22:38:50,005 - INFO - [1,  1785] loss: 0.153
2022-08-15 22:38:50,062 - INFO - [1,  1789] loss: 0.153
2022-08-15 22:38:50,115 - INFO - [1,  1793] loss: 0.153
2022-08-15 22:38:50,169 - INFO - [1,  1797] loss: 0.153
2022-08-15 22:38:50,224 - INFO - [1,  1801] loss: 0.153
2022-08-15 22:38:50,279 - INFO - [1,  1805] loss: 0.153
2022-08-15 22:38:50,333 - INFO - [1,  1809] loss: 0.153
2022-08-15 22:38:50,388 - INFO - [1,  1813] loss: 0.153
2022-08-15 22:38:50,442 - INFO - [1,  1817] loss: 0.153
2022-08-15 22:38:50,497 - INFO - [1,  1821] loss: 0.153
2022-08-15 22:38:50,551 - INFO - [1,  1825] loss: 0.152
2022-08-15 22:38:50,606 - INFO - [1,  1829] loss: 0.152
2022-08-15 22:38:50,661 - INFO - [1,  1833] loss: 0.152
2022-08-15 22:38:50,715 - INFO - [1,  1837] loss: 0.152
2022-08-15 22:38:50,770 - INFO - [1,  1841] loss: 0.152
2022-08-15 22:38:50,829 - INFO - [1,  1845] loss: 0.152
2022-08-15 22:38:50,883 - INFO - [1,  1849] loss: 0.152
2022-08-15 22:38:50,937 - INFO - [1,  1853] loss: 0.152
2022-08-15 22:38:50,992 - INFO - [1,  1857] loss: 0.152
2022-08-15 22:38:51,049 - INFO - [1,  1861] loss: 0.152
2022-08-15 22:38:51,102 - INFO - [1,  1865] loss: 0.152
2022-08-15 22:38:51,157 - INFO - [1,  1869] loss: 0.152
2022-08-15 22:38:51,211 - INFO - [1,  1873] loss: 0.152
2022-08-15 22:38:51,266 - INFO - [1,  1877] loss: 0.152
2022-08-15 22:38:51,320 - INFO - [1,  1881] loss: 0.152
2022-08-15 22:38:51,374 - INFO - [1,  1885] loss: 0.151
2022-08-15 22:38:51,429 - INFO - [1,  1889] loss: 0.151
2022-08-15 22:38:51,483 - INFO - [1,  1893] loss: 0.151
2022-08-15 22:38:51,538 - INFO - [1,  1897] loss: 0.151
2022-08-15 22:38:51,593 - INFO - [1,  1901] loss: 0.151
2022-08-15 22:38:51,648 - INFO - [1,  1905] loss: 0.151
2022-08-15 22:38:51,703 - INFO - [1,  1909] loss: 0.151
2022-08-15 22:38:51,758 - INFO - [1,  1913] loss: 0.151
2022-08-15 22:38:51,812 - INFO - [1,  1917] loss: 0.151
2022-08-15 22:38:51,866 - INFO - [1,  1921] loss: 0.151
2022-08-15 22:38:51,921 - INFO - [1,  1925] loss: 0.151
2022-08-15 22:38:51,975 - INFO - [1,  1929] loss: 0.151
2022-08-15 22:38:52,031 - INFO - [1,  1933] loss: 0.151
2022-08-15 22:38:52,086 - INFO - [1,  1937] loss: 0.151
2022-08-15 22:38:52,141 - INFO - [1,  1941] loss: 0.151
2022-08-15 22:38:52,195 - INFO - [1,  1945] loss: 0.151
2022-08-15 22:38:52,249 - INFO - [1,  1949] loss: 0.151
2022-08-15 22:38:52,304 - INFO - [1,  1953] loss: 0.151
2022-08-15 22:38:52,360 - INFO - [1,  1957] loss: 0.150
2022-08-15 22:38:52,414 - INFO - [1,  1961] loss: 0.150
2022-08-15 22:38:52,468 - INFO - [1,  1965] loss: 0.150
2022-08-15 22:38:52,522 - INFO - [1,  1969] loss: 0.150
2022-08-15 22:38:52,577 - INFO - [1,  1973] loss: 0.150
2022-08-15 22:38:52,632 - INFO - [1,  1977] loss: 0.150
2022-08-15 22:38:52,687 - INFO - [1,  1981] loss: 0.150
2022-08-15 22:38:52,742 - INFO - [1,  1985] loss: 0.150
2022-08-15 22:38:52,796 - INFO - [1,  1989] loss: 0.150
2022-08-15 22:38:52,850 - INFO - [1,  1993] loss: 0.150
2022-08-15 22:38:52,905 - INFO - [1,  1997] loss: 0.150
2022-08-15 22:38:52,959 - INFO - [1,  2001] loss: 0.150
2022-08-15 22:38:53,014 - INFO - [1,  2005] loss: 0.150
2022-08-15 22:38:53,070 - INFO - [1,  2009] loss: 0.150
2022-08-15 22:38:53,124 - INFO - [1,  2013] loss: 0.150
2022-08-15 22:38:53,178 - INFO - [1,  2017] loss: 0.150
2022-08-15 22:38:53,233 - INFO - [1,  2021] loss: 0.150
2022-08-15 22:38:53,288 - INFO - [1,  2025] loss: 0.150
2022-08-15 22:38:53,342 - INFO - [1,  2029] loss: 0.150
2022-08-15 22:38:53,397 - INFO - [1,  2033] loss: 0.150
2022-08-15 22:38:53,452 - INFO - [1,  2037] loss: 0.149
2022-08-15 22:38:53,506 - INFO - [1,  2041] loss: 0.149
2022-08-15 22:38:53,561 - INFO - [1,  2045] loss: 0.149
2022-08-15 22:38:53,615 - INFO - [1,  2049] loss: 0.149
2022-08-15 22:38:53,671 - INFO - [1,  2053] loss: 0.149
2022-08-15 22:38:53,726 - INFO - [1,  2057] loss: 0.149
2022-08-15 22:38:53,781 - INFO - [1,  2061] loss: 0.149
2022-08-15 22:38:53,836 - INFO - [1,  2065] loss: 0.149
2022-08-15 22:38:53,890 - INFO - [1,  2069] loss: 0.149
2022-08-15 22:38:53,944 - INFO - [1,  2073] loss: 0.149
2022-08-15 22:38:53,999 - INFO - [1,  2077] loss: 0.149
2022-08-15 22:38:54,054 - INFO - [1,  2081] loss: 0.149
2022-08-15 22:38:54,108 - INFO - [1,  2085] loss: 0.149
2022-08-15 22:38:54,162 - INFO - [1,  2089] loss: 0.149
2022-08-15 22:38:54,217 - INFO - [1,  2093] loss: 0.149
2022-08-15 22:38:54,271 - INFO - [1,  2097] loss: 0.149
2022-08-15 22:38:54,326 - INFO - [1,  2101] loss: 0.149
2022-08-15 22:38:54,380 - INFO - [1,  2105] loss: 0.149
2022-08-15 22:38:54,435 - INFO - [1,  2109] loss: 0.149
2022-08-15 22:38:54,489 - INFO - [1,  2113] loss: 0.149
2022-08-15 22:38:54,544 - INFO - [1,  2117] loss: 0.149
2022-08-15 22:38:54,599 - INFO - [1,  2121] loss: 0.149
2022-08-15 22:38:54,655 - INFO - [1,  2125] loss: 0.149
2022-08-15 22:38:54,709 - INFO - [1,  2129] loss: 0.149
2022-08-15 22:38:54,763 - INFO - [1,  2133] loss: 0.149
2022-08-15 22:38:54,818 - INFO - [1,  2137] loss: 0.149
2022-08-15 22:38:54,873 - INFO - [1,  2141] loss: 0.149
2022-08-15 22:38:54,927 - INFO - [1,  2145] loss: 0.149
2022-08-15 22:38:54,982 - INFO - [1,  2149] loss: 0.149
2022-08-15 22:38:55,036 - INFO - [1,  2153] loss: 0.149
2022-08-15 22:38:55,094 - INFO - [1,  2157] loss: 0.148
2022-08-15 22:38:55,148 - INFO - [1,  2161] loss: 0.148
2022-08-15 22:38:55,202 - INFO - [1,  2165] loss: 0.148
2022-08-15 22:38:55,258 - INFO - [1,  2169] loss: 0.148
2022-08-15 22:38:55,312 - INFO - [1,  2173] loss: 0.148
2022-08-15 22:38:55,366 - INFO - [1,  2177] loss: 0.148
2022-08-15 22:38:55,420 - INFO - [1,  2181] loss: 0.148
2022-08-15 22:38:55,474 - INFO - [1,  2185] loss: 0.148
2022-08-15 22:38:55,529 - INFO - [1,  2189] loss: 0.148
2022-08-15 22:38:55,584 - INFO - [1,  2193] loss: 0.148
2022-08-15 22:38:55,638 - INFO - [1,  2197] loss: 0.148
2022-08-15 22:38:55,693 - INFO - [1,  2201] loss: 0.148
2022-08-15 22:38:55,748 - INFO - [1,  2205] loss: 0.148
2022-08-15 22:38:55,802 - INFO - [1,  2209] loss: 0.148
2022-08-15 22:38:55,857 - INFO - [1,  2213] loss: 0.148
2022-08-15 22:38:55,912 - INFO - [1,  2217] loss: 0.148
2022-08-15 22:38:55,968 - INFO - [1,  2221] loss: 0.148
2022-08-15 22:38:56,022 - INFO - [1,  2225] loss: 0.148
2022-08-15 22:38:56,076 - INFO - [1,  2229] loss: 0.148
2022-08-15 22:38:56,132 - INFO - [1,  2233] loss: 0.148
2022-08-15 22:38:56,186 - INFO - [1,  2237] loss: 0.148
2022-08-15 22:38:56,240 - INFO - [1,  2241] loss: 0.148
2022-08-15 22:38:56,295 - INFO - [1,  2245] loss: 0.148
2022-08-15 22:38:56,350 - INFO - [1,  2249] loss: 0.148
2022-08-15 22:38:56,404 - INFO - [1,  2253] loss: 0.148
2022-08-15 22:38:56,459 - INFO - [1,  2257] loss: 0.148
2022-08-15 22:38:56,513 - INFO - [1,  2261] loss: 0.148
2022-08-15 22:38:56,568 - INFO - [1,  2265] loss: 0.148
2022-08-15 22:38:56,623 - INFO - [1,  2269] loss: 0.148
2022-08-15 22:38:56,677 - INFO - [1,  2273] loss: 0.147
2022-08-15 22:38:56,731 - INFO - [1,  2277] loss: 0.147
2022-08-15 22:38:56,786 - INFO - [1,  2281] loss: 0.147
2022-08-15 22:38:56,841 - INFO - [1,  2285] loss: 0.147
2022-08-15 22:38:56,895 - INFO - [1,  2289] loss: 0.147
2022-08-15 22:38:56,951 - INFO - [1,  2293] loss: 0.147
2022-08-15 22:38:57,005 - INFO - [1,  2297] loss: 0.147
2022-08-15 22:38:57,061 - INFO - [1,  2301] loss: 0.147
2022-08-15 22:38:57,116 - INFO - [1,  2305] loss: 0.147
2022-08-15 22:38:57,170 - INFO - [1,  2309] loss: 0.147
2022-08-15 22:38:57,225 - INFO - [1,  2313] loss: 0.147
2022-08-15 22:38:57,280 - INFO - [1,  2317] loss: 0.147
2022-08-15 22:38:57,334 - INFO - [1,  2321] loss: 0.147
2022-08-15 22:38:57,388 - INFO - [1,  2325] loss: 0.147
2022-08-15 22:38:57,442 - INFO - [1,  2329] loss: 0.147
2022-08-15 22:38:57,497 - INFO - [1,  2333] loss: 0.147
2022-08-15 22:38:57,552 - INFO - [1,  2337] loss: 0.147
2022-08-15 22:38:57,606 - INFO - [1,  2341] loss: 0.147
2022-08-15 22:38:57,661 - INFO - [1,  2345] loss: 0.147
2022-08-15 22:38:57,717 - INFO - [1,  2349] loss: 0.147
2022-08-15 22:38:57,772 - INFO - [1,  2353] loss: 0.147
2022-08-15 22:38:57,826 - INFO - [1,  2357] loss: 0.146
2022-08-15 22:38:57,881 - INFO - [1,  2361] loss: 0.146
2022-08-15 22:38:57,936 - INFO - [1,  2365] loss: 0.146
2022-08-15 22:38:57,990 - INFO - [1,  2369] loss: 0.146
2022-08-15 22:38:58,047 - INFO - [1,  2373] loss: 0.146
2022-08-15 22:38:58,102 - INFO - [1,  2377] loss: 0.146
2022-08-15 22:38:58,157 - INFO - [1,  2381] loss: 0.146
2022-08-15 22:38:58,211 - INFO - [1,  2385] loss: 0.146
2022-08-15 22:38:58,266 - INFO - [1,  2389] loss: 0.146
2022-08-15 22:38:58,321 - INFO - [1,  2393] loss: 0.146
2022-08-15 22:38:58,376 - INFO - [1,  2397] loss: 0.146
2022-08-15 22:38:58,431 - INFO - [1,  2401] loss: 0.146
2022-08-15 22:38:58,487 - INFO - [1,  2405] loss: 0.146
2022-08-15 22:38:58,545 - INFO - [1,  2409] loss: 0.146
2022-08-15 22:38:58,598 - INFO - [1,  2413] loss: 0.146
2022-08-15 22:38:58,653 - INFO - [1,  2417] loss: 0.146
2022-08-15 22:38:58,708 - INFO - [1,  2421] loss: 0.146
2022-08-15 22:38:58,762 - INFO - [1,  2425] loss: 0.146
2022-08-15 22:38:58,817 - INFO - [1,  2429] loss: 0.146
2022-08-15 22:38:58,871 - INFO - [1,  2433] loss: 0.146
2022-08-15 22:38:58,926 - INFO - [1,  2437] loss: 0.146
2022-08-15 22:38:58,981 - INFO - [1,  2441] loss: 0.146
2022-08-15 22:38:59,036 - INFO - [1,  2445] loss: 0.146
2022-08-15 22:38:59,094 - INFO - [1,  2449] loss: 0.146
2022-08-15 22:38:59,148 - INFO - [1,  2453] loss: 0.146
2022-08-15 22:38:59,204 - INFO - [1,  2457] loss: 0.145
2022-08-15 22:38:59,258 - INFO - [1,  2461] loss: 0.145
2022-08-15 22:38:59,313 - INFO - [1,  2465] loss: 0.145
2022-08-15 22:38:59,368 - INFO - [1,  2469] loss: 0.145
2022-08-15 22:38:59,422 - INFO - [1,  2473] loss: 0.145
2022-08-15 22:38:59,477 - INFO - [1,  2477] loss: 0.145
2022-08-15 22:38:59,533 - INFO - [1,  2481] loss: 0.145
2022-08-15 22:38:59,588 - INFO - [1,  2485] loss: 0.145
2022-08-15 22:38:59,642 - INFO - [1,  2489] loss: 0.145
2022-08-15 22:38:59,697 - INFO - [1,  2493] loss: 0.145
2022-08-15 22:38:59,753 - INFO - [1,  2497] loss: 0.145
2022-08-15 22:38:59,808 - INFO - [1,  2501] loss: 0.145
2022-08-15 22:38:59,862 - INFO - [1,  2505] loss: 0.145
2022-08-15 22:38:59,917 - INFO - [1,  2509] loss: 0.145
2022-08-15 22:38:59,972 - INFO - [1,  2513] loss: 0.145
2022-08-15 22:39:00,028 - INFO - [1,  2517] loss: 0.145
2022-08-15 22:39:00,082 - INFO - [1,  2521] loss: 0.145
2022-08-15 22:39:00,137 - INFO - [1,  2525] loss: 0.145
2022-08-15 22:39:00,192 - INFO - [1,  2529] loss: 0.145
2022-08-15 22:39:00,247 - INFO - [1,  2533] loss: 0.145
2022-08-15 22:39:00,302 - INFO - [1,  2537] loss: 0.145
2022-08-15 22:39:00,356 - INFO - [1,  2541] loss: 0.145
2022-08-15 22:39:00,411 - INFO - [1,  2545] loss: 0.145
2022-08-15 22:39:00,466 - INFO - [1,  2549] loss: 0.145
2022-08-15 22:39:00,522 - INFO - [1,  2553] loss: 0.145
2022-08-15 22:39:00,577 - INFO - [1,  2557] loss: 0.145
2022-08-15 22:39:00,631 - INFO - [1,  2561] loss: 0.145
2022-08-15 22:39:00,687 - INFO - [1,  2565] loss: 0.145
2022-08-15 22:39:00,743 - INFO - [1,  2569] loss: 0.145
2022-08-15 22:39:00,799 - INFO - [1,  2573] loss: 0.145
2022-08-15 22:39:00,855 - INFO - [1,  2577] loss: 0.145
2022-08-15 22:39:00,910 - INFO - [1,  2581] loss: 0.145
2022-08-15 22:39:00,965 - INFO - [1,  2585] loss: 0.145
2022-08-15 22:39:01,019 - INFO - [1,  2589] loss: 0.145
2022-08-15 22:39:01,076 - INFO - [1,  2593] loss: 0.145
2022-08-15 22:39:01,131 - INFO - [1,  2597] loss: 0.145
2022-08-15 22:39:01,186 - INFO - [1,  2601] loss: 0.145
2022-08-15 22:39:01,241 - INFO - [1,  2605] loss: 0.144
2022-08-15 22:39:01,296 - INFO - [1,  2609] loss: 0.144
2022-08-15 22:39:01,351 - INFO - [1,  2613] loss: 0.144
2022-08-15 22:39:01,407 - INFO - [1,  2617] loss: 0.144
2022-08-15 22:39:01,463 - INFO - [1,  2621] loss: 0.144
2022-08-15 22:39:01,517 - INFO - [1,  2625] loss: 0.144
2022-08-15 22:39:01,573 - INFO - [1,  2629] loss: 0.144
2022-08-15 22:39:01,628 - INFO - [1,  2633] loss: 0.144
2022-08-15 22:39:01,683 - INFO - [1,  2637] loss: 0.144
2022-08-15 22:39:01,741 - INFO - [1,  2641] loss: 0.144
2022-08-15 22:39:01,795 - INFO - [1,  2645] loss: 0.144
2022-08-15 22:39:01,851 - INFO - [1,  2649] loss: 0.144
2022-08-15 22:39:01,906 - INFO - [1,  2653] loss: 0.144
2022-08-15 22:39:01,959 - INFO - [1,  2657] loss: 0.144
2022-08-15 22:39:02,015 - INFO - [1,  2661] loss: 0.144
2022-08-15 22:39:02,069 - INFO - [1,  2665] loss: 0.144
2022-08-15 22:39:02,124 - INFO - [1,  2669] loss: 0.144
2022-08-15 22:39:02,179 - INFO - [1,  2673] loss: 0.144
2022-08-15 22:39:02,233 - INFO - [1,  2677] loss: 0.144
2022-08-15 22:39:02,288 - INFO - [1,  2681] loss: 0.144
2022-08-15 22:39:02,344 - INFO - [1,  2685] loss: 0.144
2022-08-15 22:39:02,398 - INFO - [1,  2689] loss: 0.144
2022-08-15 22:39:02,453 - INFO - [1,  2693] loss: 0.144
2022-08-15 22:39:02,509 - INFO - [1,  2697] loss: 0.144
2022-08-15 22:39:02,564 - INFO - [1,  2701] loss: 0.144
2022-08-15 22:39:02,619 - INFO - [1,  2705] loss: 0.144
2022-08-15 22:39:02,674 - INFO - [1,  2709] loss: 0.144
2022-08-15 22:39:02,728 - INFO - [1,  2713] loss: 0.144
2022-08-15 22:39:02,785 - INFO - [1,  2717] loss: 0.144
2022-08-15 22:39:02,839 - INFO - [1,  2721] loss: 0.144
2022-08-15 22:39:02,895 - INFO - [1,  2725] loss: 0.144
2022-08-15 22:39:02,948 - INFO - [1,  2729] loss: 0.144
2022-08-15 22:39:03,004 - INFO - [1,  2733] loss: 0.144
2022-08-15 22:39:03,060 - INFO - [1,  2737] loss: 0.144
2022-08-15 22:39:03,115 - INFO - [1,  2741] loss: 0.144
2022-08-15 22:39:03,171 - INFO - [1,  2745] loss: 0.144
2022-08-15 22:39:03,225 - INFO - [1,  2749] loss: 0.144
2022-08-15 22:39:03,279 - INFO - [1,  2753] loss: 0.144
2022-08-15 22:39:03,334 - INFO - [1,  2757] loss: 0.143
2022-08-15 22:39:03,389 - INFO - [1,  2761] loss: 0.143
2022-08-15 22:39:03,444 - INFO - [1,  2765] loss: 0.143
2022-08-15 22:39:03,498 - INFO - [1,  2769] loss: 0.143
2022-08-15 22:39:03,553 - INFO - [1,  2773] loss: 0.143
2022-08-15 22:39:03,608 - INFO - [1,  2777] loss: 0.144
2022-08-15 22:39:03,663 - INFO - [1,  2781] loss: 0.143
2022-08-15 22:39:03,718 - INFO - [1,  2785] loss: 0.143
2022-08-15 22:39:03,774 - INFO - [1,  2789] loss: 0.143
2022-08-15 22:39:03,827 - INFO - [1,  2793] loss: 0.143
2022-08-15 22:39:03,882 - INFO - [1,  2797] loss: 0.143
2022-08-15 22:39:03,937 - INFO - [1,  2801] loss: 0.143
2022-08-15 22:39:03,992 - INFO - [1,  2805] loss: 0.143
2022-08-15 22:39:04,047 - INFO - [1,  2809] loss: 0.143
2022-08-15 22:39:04,103 - INFO - [1,  2813] loss: 0.143
2022-08-15 22:39:04,157 - INFO - [1,  2817] loss: 0.143
2022-08-15 22:39:04,212 - INFO - [1,  2821] loss: 0.143
2022-08-15 22:39:04,267 - INFO - [1,  2825] loss: 0.143
2022-08-15 22:39:04,321 - INFO - [1,  2829] loss: 0.143
2022-08-15 22:39:04,376 - INFO - [1,  2833] loss: 0.143
2022-08-15 22:39:04,431 - INFO - [1,  2837] loss: 0.143
2022-08-15 22:39:04,487 - INFO - [1,  2841] loss: 0.143
2022-08-15 22:39:04,541 - INFO - [1,  2845] loss: 0.143
2022-08-15 22:39:04,596 - INFO - [1,  2849] loss: 0.143
2022-08-15 22:39:04,651 - INFO - [1,  2853] loss: 0.143
2022-08-15 22:39:04,705 - INFO - [1,  2857] loss: 0.143
2022-08-15 22:39:04,760 - INFO - [1,  2861] loss: 0.143
2022-08-15 22:39:04,816 - INFO - [1,  2865] loss: 0.143
2022-08-15 22:39:04,871 - INFO - [1,  2869] loss: 0.143
2022-08-15 22:39:04,926 - INFO - [1,  2873] loss: 0.143
2022-08-15 22:39:04,979 - INFO - [1,  2877] loss: 0.143
2022-08-15 22:39:05,035 - INFO - [1,  2881] loss: 0.143
2022-08-15 22:39:05,090 - INFO - [1,  2885] loss: 0.143
2022-08-15 22:39:05,145 - INFO - [1,  2889] loss: 0.143
2022-08-15 22:39:05,199 - INFO - [1,  2893] loss: 0.143
2022-08-15 22:39:05,253 - INFO - [1,  2897] loss: 0.143
2022-08-15 22:39:05,308 - INFO - [1,  2901] loss: 0.143
2022-08-15 22:39:05,363 - INFO - [1,  2905] loss: 0.143
2022-08-15 22:39:05,418 - INFO - [1,  2909] loss: 0.143
2022-08-15 22:39:05,473 - INFO - [1,  2913] loss: 0.143
2022-08-15 22:39:05,528 - INFO - [1,  2917] loss: 0.143
2022-08-15 22:39:05,583 - INFO - [1,  2921] loss: 0.143
2022-08-15 22:39:05,637 - INFO - [1,  2925] loss: 0.143
2022-08-15 22:39:05,692 - INFO - [1,  2929] loss: 0.143
2022-08-15 22:39:05,747 - INFO - [1,  2933] loss: 0.142
2022-08-15 22:39:05,802 - INFO - [1,  2937] loss: 0.142
2022-08-15 22:39:05,857 - INFO - [1,  2941] loss: 0.142
2022-08-15 22:39:05,912 - INFO - [1,  2945] loss: 0.142
2022-08-15 22:39:05,967 - INFO - [1,  2949] loss: 0.142
2022-08-15 22:39:06,022 - INFO - [1,  2953] loss: 0.142
2022-08-15 22:39:06,077 - INFO - [1,  2957] loss: 0.142
2022-08-15 22:39:06,132 - INFO - [1,  2961] loss: 0.142
2022-08-15 22:39:06,186 - INFO - [1,  2965] loss: 0.142
2022-08-15 22:39:06,242 - INFO - [1,  2969] loss: 0.142
2022-08-15 22:39:06,297 - INFO - [1,  2973] loss: 0.142
2022-08-15 22:39:06,352 - INFO - [1,  2977] loss: 0.142
2022-08-15 22:39:06,407 - INFO - [1,  2981] loss: 0.142
2022-08-15 22:39:06,461 - INFO - [1,  2985] loss: 0.142
2022-08-15 22:39:06,517 - INFO - [1,  2989] loss: 0.142
2022-08-15 22:39:06,571 - INFO - [1,  2993] loss: 0.142
2022-08-15 22:39:06,627 - INFO - [1,  2997] loss: 0.142
2022-08-15 22:39:06,681 - INFO - [1,  3001] loss: 0.142
2022-08-15 22:39:07,098 - INFO - All Validation set: Loss 0.141919 | AUC 0.823206 | AUPRC 0.0388528
2022-08-15 22:39:07,099 - INFO - Predict by threshold: Precision 0.2, Recall 0.0294118, F 0.0512821
2022-08-15 22:39:07,099 - INFO - Predict by topK:
2022-08-15 22:39:07,099 - INFO - Top1: Precision 0.2, Recall 0.0294118, F 0.0512821
2022-08-15 22:39:07,099 - INFO - Top2: Precision 0.1, Recall 0.0294118, F 0.0454545
2022-08-15 22:39:07,099 - INFO - Top3: Precision 0.1, Recall 0.0441176, F 0.0612245
2022-08-15 22:39:07,099 - INFO - Top4: Precision 0.15, Recall 0.0882353, F 0.111111
2022-08-15 22:39:07,099 - INFO - Top5: Precision 0.12, Recall 0.0882353, F 0.101695
